Using PC/SC reader (dev=0) interface
Reading ...
APDU SENT:
CLA: 00
INS: a4
p1: 00
p2: 04
length: 02
data: 3F00
APDU Response code: 9000
APDU Response data : 62548202782183023f00a51980017183027fffcb0d00000000000000000000000000ca01828a0105ab1b84012e9000840188a4068301019501088401fca40683010a950108c60f90017083010183010a83010b830181
('62548202782183023f00a51980017183027fffcb0d00000000000000000000000000ca01828a0105ab1b84012e9000840188a4068301019501088401fca40683010a950108c60f90017083010183010a83010b830181', '9000')
OrderedDict([('82', '7821'), ('83', '3f00'), ('a5', '80017183027fffcb0d00000000000000000000000000ca0182'), ('8a', '05'), ('ab', '84012e9000840188a4068301019501088401fca40683010a950108'), ('c6', '90017083010183010a83010b830181')])
APDU SENT:
CLA: 00
INS: a4
p1: 00
p2: 04
length: 02
data: 2F00
APDU Response code: 9000
APDU Response data : 62228205422100260283022f00a506c00100ca01808a01058b032f06048002004c8801f0
('62228205422100260283022f00a506c00100ca01808a01058b032f06048002004c8801f0', '9000')
OrderedDict([('82', '4221002602'), ('83', '2f00'), ('a5', 'c00100ca0180'), ('8a', '05'), ('8b', '2f0604'), ('80', '004c'), ('88', 'f0')])
APDU SENT:
CLA: 00
INS: b2
p1: 01
p2: 04
length: 26
data: 
APDU Response code: 9000
APDU Response data : 61194f10a0000000871002ffffffff890709000050055553696d31ffffffffffffffffffffff
============================
APDU SENT:
CLA: 00
INS: a4
p1: 04
p2: 04
length: 10
data: a0000000871002ffffffff8907090000
APDU Response code: 9000
APDU Response data : 62578202782183027fff8410a0000000871002ffffffff8907090000a51683027fffcb0d00000000000000000000000000ca01808a0105ab15800101a40683010a95010880014097008001069000c609900140830101830181
('62578202782183027fff8410a0000000871002ffffffff8907090000a51683027fffcb0d00000000000000000000000000ca01808a0105ab15800101a40683010a95010880014097008001069000c609900140830101830181', '9000')
OrderedDict([('82', '7821'), ('83', '7fff'), ('84', 'a0000000871002ffffffff8907090000'), ('a5', '83027fffcb0d00000000000000000000000000ca0180'), ('8a', '05'), ('ab', '800101a40683010a95010880014097008001069000'), ('c6', '900140830101830181')])
APDU SENT:
CLA: 00
INS: a4
p1: 00
p2: 04
length: 02
data: 6F07
APDU Response code: 9000
APDU Response data : 62278202412183026f07a50ec001009b063f007f206f07ca01808a01058b036f060380020009880138
('62278202412183026f07a50ec001009b063f007f206f07ca01808a01058b036f060380020009880138', '9000')
OrderedDict([('82', '4121'), ('83', '6f07'), ('a5', 'c001009b063f007f206f07ca0180'), ('8a', '05'), ('8b', '6f0603'), ('80', '0009'), ('88', '38')])
APDU SENT:
CLA: 00
INS: b0
p1: 01
p2: 04
length: 9
data: 
APDU Response code: 9000
APDU Response data : 
============================
***********************************************************************
6F05
APDU SENT:
CLA: 00
INS: a4
p1: 04
p2: 04
length: 10
data: a0000000871002ffffffff8907090000
APDU Response code: 9000
APDU Response data : 62578202782183027fff8410a0000000871002ffffffff8907090000a51683027fffcb0d00000000000000000000000000ca01808a0105ab15800101a40683010a95010880014097008001069000c609900140830101830181
('62578202782183027fff8410a0000000871002ffffffff8907090000a51683027fffcb0d00000000000000000000000000ca01808a0105ab15800101a40683010a95010880014097008001069000c609900140830101830181', '9000')
OrderedDict([('82', '7821'), ('83', '7fff'), ('84', 'a0000000871002ffffffff8907090000'), ('a5', '83027fffcb0d00000000000000000000000000ca0180'), ('8a', '05'), ('ab', '800101a40683010a95010880014097008001069000'), ('c6', '900140830101830181')])
APDU SENT:
CLA: 00
INS: a4
p1: 00
p2: 04
length: 02
data: 6F05
APDU Response code: 9000
APDU Response data : 62258202412183026f05a50cc001009b043f002f05ca01808a01058b036f06028002000a880110
('62258202412183026f05a50cc001009b043f002f05ca01808a01058b036f06028002000a880110', '9000')
OrderedDict([('82', '4121'), ('83', '6f05'), ('a5', 'c001009b043f002f05ca0180'), ('8a', '05'), ('8b', '6f0602'), ('80', '000a'), ('88', '10')])
***********************************************************************
6F06
APDU SENT:
CLA: 00
INS: a4
p1: 04
p2: 04
length: 10
data: a0000000871002ffffffff8907090000
APDU Response code: 9000
APDU Response data : 62578202782183027fff8410a0000000871002ffffffff8907090000a51683027fffcb0d00000000000000000000000000ca01808a0105ab15800101a40683010a95010880014097008001069000c609900140830101830181
('62578202782183027fff8410a0000000871002ffffffff8907090000a51683027fffcb0d00000000000000000000000000ca01808a0105ab15800101a40683010a95010880014097008001069000c609900140830101830181', '9000')
OrderedDict([('82', '7821'), ('83', '7fff'), ('84', 'a0000000871002ffffffff8907090000'), ('a5', '83027fffcb0d00000000000000000000000000ca0180'), ('8a', '05'), ('ab', '800101a40683010a95010880014097008001069000'), ('c6', '900140830101830181')])
APDU SENT:
CLA: 00
INS: a4
p1: 00
p2: 04
length: 02
data: 6F06
APDU Response code: 9000
APDU Response data : 622282054221006e0c83026f06a506c00100ca01808a01058b036f0606800205288801b8
('622282054221006e0c83026f06a506c00100ca01808a01058b036f0606800205288801b8', '9000')
OrderedDict([('82', '4221006e0c'), ('83', '6f06'), ('a5', 'c00100ca0180'), ('8a', '05'), ('8b', '6f0606'), ('80', '0528'), ('88', 'b8')])
***********************************************************************
6F07
APDU SENT:
CLA: 00
INS: a4
p1: 04
p2: 04
length: 10
data: a0000000871002ffffffff8907090000
APDU Response code: 9000
APDU Response data : 62578202782183027fff8410a0000000871002ffffffff8907090000a51683027fffcb0d00000000000000000000000000ca01808a0105ab15800101a40683010a95010880014097008001069000c609900140830101830181
('62578202782183027fff8410a0000000871002ffffffff8907090000a51683027fffcb0d00000000000000000000000000ca01808a0105ab15800101a40683010a95010880014097008001069000c609900140830101830181', '9000')
OrderedDict([('82', '7821'), ('83', '7fff'), ('84', 'a0000000871002ffffffff8907090000'), ('a5', '83027fffcb0d00000000000000000000000000ca0180'), ('8a', '05'), ('ab', '800101a40683010a95010880014097008001069000'), ('c6', '900140830101830181')])
APDU SENT:
CLA: 00
INS: a4
p1: 00
p2: 04
length: 02
data: 6F07
APDU Response code: 9000
APDU Response data : 62278202412183026f07a50ec001009b063f007f206f07ca01808a01058b036f060380020009880138
('62278202412183026f07a50ec001009b063f007f206f07ca01808a01058b036f060380020009880138', '9000')
OrderedDict([('82', '4121'), ('83', '6f07'), ('a5', 'c001009b063f007f206f07ca0180'), ('8a', '05'), ('8b', '6f0603'), ('80', '0009'), ('88', '38')])
***********************************************************************
6F08
APDU SENT:
CLA: 00
INS: a4
p1: 04
p2: 04
length: 10
data: a0000000871002ffffffff8907090000
APDU Response code: 9000
APDU Response data : 62578202782183027fff8410a0000000871002ffffffff8907090000a51683027fffcb0d00000000000000000000000000ca01808a0105ab15800101a40683010a95010880014097008001069000c609900140830101830181
('62578202782183027fff8410a0000000871002ffffffff8907090000a51683027fffcb0d00000000000000000000000000ca01808a0105ab15800101a40683010a95010880014097008001069000c609900140830101830181', '9000')
OrderedDict([('82', '7821'), ('83', '7fff'), ('84', 'a0000000871002ffffffff8907090000'), ('a5', '83027fffcb0d00000000000000000000000000ca0180'), ('8a', '05'), ('ab', '800101a40683010a95010880014097008001069000'), ('c6', '900140830101830181')])
APDU SENT:
CLA: 00
INS: a4
p1: 00
p2: 04
length: 02
data: 6F08
APDU Response code: 9000
APDU Response data : 621f8202412183026f08a506c00100ca01808a01058b036f060480020021880140
('621f8202412183026f08a506c00100ca01808a01058b036f060480020021880140', '9000')
OrderedDict([('82', '4121'), ('83', '6f08'), ('a5', 'c00100ca0180'), ('8a', '05'), ('8b', '6f0604'), ('80', '0021'), ('88', '40')])
***********************************************************************
6F09
APDU SENT:
CLA: 00
INS: a4
p1: 04
p2: 04
length: 10
data: a0000000871002ffffffff8907090000
APDU Response code: 9000
APDU Response data : 62578202782183027fff8410a0000000871002ffffffff8907090000a51683027fffcb0d00000000000000000000000000ca01808a0105ab15800101a40683010a95010880014097008001069000c609900140830101830181
('62578202782183027fff8410a0000000871002ffffffff8907090000a51683027fffcb0d00000000000000000000000000ca01808a0105ab15800101a40683010a95010880014097008001069000c609900140830101830181', '9000')
OrderedDict([('82', '7821'), ('83', '7fff'), ('84', 'a0000000871002ffffffff8907090000'), ('a5', '83027fffcb0d00000000000000000000000000ca0180'), ('8a', '05'), ('ab', '800101a40683010a95010880014097008001069000'), ('c6', '900140830101830181')])
APDU SENT:
CLA: 00
INS: a4
p1: 00
p2: 04
length: 02
data: 6F09
APDU Response code: 9000
APDU Response data : 621f8202412183026f09a506c00100ca01808a01058b036f060480020021880148
('621f8202412183026f09a506c00100ca01808a01058b036f060480020021880148', '9000')
OrderedDict([('82', '4121'), ('83', '6f09'), ('a5', 'c00100ca0180'), ('8a', '05'), ('8b', '6f0604'), ('80', '0021'), ('88', '48')])
***********************************************************************
6F2C
APDU SENT:
CLA: 00
INS: a4
p1: 04
p2: 04
length: 10
data: a0000000871002ffffffff8907090000
APDU Response code: 9000
APDU Response data : 62578202782183027fff8410a0000000871002ffffffff8907090000a51683027fffcb0d00000000000000000000000000ca01808a0105ab15800101a40683010a95010880014097008001069000c609900140830101830181
('62578202782183027fff8410a0000000871002ffffffff8907090000a51683027fffcb0d00000000000000000000000000ca01808a0105ab15800101a40683010a95010880014097008001069000c609900140830101830181', '9000')
OrderedDict([('82', '7821'), ('83', '7fff'), ('84', 'a0000000871002ffffffff8907090000'), ('a5', '83027fffcb0d00000000000000000000000000ca0180'), ('8a', '05'), ('ab', '800101a40683010a95010880014097008001069000'), ('c6', '900140830101830181')])
APDU SENT:
CLA: 00
INS: a4
p1: 00
p2: 04
length: 02
data: 6F2C
APDU Response code: 6a82
APDU Response data : 
('', '6a82')
============================
***********************************************************************
6F31
APDU SENT:
CLA: 00
INS: a4
p1: 04
p2: 04
length: 10
data: a0000000871002ffffffff8907090000
APDU Response code: 9000
APDU Response data : 62578202782183027fff8410a0000000871002ffffffff8907090000a51683027fffcb0d00000000000000000000000000ca01808a0105ab15800101a40683010a95010880014097008001069000c609900140830101830181
('62578202782183027fff8410a0000000871002ffffffff8907090000a51683027fffcb0d00000000000000000000000000ca01808a0105ab15800101a40683010a95010880014097008001069000c609900140830101830181', '9000')
OrderedDict([('82', '7821'), ('83', '7fff'), ('84', 'a0000000871002ffffffff8907090000'), ('a5', '83027fffcb0d00000000000000000000000000ca0180'), ('8a', '05'), ('ab', '800101a40683010a95010880014097008001069000'), ('c6', '900140830101830181')])
APDU SENT:
CLA: 00
INS: a4
p1: 00
p2: 04
length: 02
data: 6F31
APDU Response code: 9000
APDU Response data : 62278202412183026f31a50ec001009b063f007f206f31ca01808a01058b036f060380020001880190
('62278202412183026f31a50ec001009b063f007f206f31ca01808a01058b036f060380020001880190', '9000')
OrderedDict([('82', '4121'), ('83', '6f31'), ('a5', 'c001009b063f007f206f31ca0180'), ('8a', '05'), ('8b', '6f0603'), ('80', '0001'), ('88', '90')])
***********************************************************************
6F32
APDU SENT:
CLA: 00
INS: a4
p1: 04
p2: 04
length: 10
data: a0000000871002ffffffff8907090000
APDU Response code: 9000
APDU Response data : 62578202782183027fff8410a0000000871002ffffffff8907090000a51683027fffcb0d00000000000000000000000000ca01808a0105ab15800101a40683010a95010880014097008001069000c609900140830101830181
('62578202782183027fff8410a0000000871002ffffffff8907090000a51683027fffcb0d00000000000000000000000000ca01808a0105ab15800101a40683010a95010880014097008001069000c609900140830101830181', '9000')
OrderedDict([('82', '7821'), ('83', '7fff'), ('84', 'a0000000871002ffffffff8907090000'), ('a5', '83027fffcb0d00000000000000000000000000ca0180'), ('8a', '05'), ('ab', '800101a40683010a95010880014097008001069000'), ('c6', '900140830101830181')])
APDU SENT:
CLA: 00
INS: a4
p1: 00
p2: 04
length: 02
data: 6F32
APDU Response code: 6a82
APDU Response data : 
('', '6a82')
============================
***********************************************************************
6F37
